2022-11-23 19:17:41,200 INFO Введите максимальное число для загадывания: 
2022-11-23 19:17:45,808 INFO Пользователь ввел: 7
2022-11-23 19:17:45,809 INFO Верно введенное число пользователем: 7
2022-11-23 19:17:45,809 INFO Введите количество попыток: 
2022-11-23 19:17:46,997 INFO Пользователь ввел: 3
2022-11-23 19:17:46,998 INFO Верно введенное число пользователем: 3
2022-11-23 19:17:46,998 INFO Загаданное число 7
2022-11-23 19:17:46,998 INFO Введите число для отгадывания: 
2022-11-23 19:17:48,250 INFO Пользователь ввел: 4
2022-11-23 19:17:48,250 INFO Верно введенное число пользователем: 4
2022-11-23 19:17:48,251 INFO Введенное число меньше загаданного
2022-11-23 19:17:48,252 INFO Введите число для отгадывания: 
2022-11-23 19:17:59,353 INFO Пользователь ввел: 6
2022-11-23 19:17:59,354 INFO Верно введенное число пользователем: 6
2022-11-23 19:17:59,354 INFO Введенное число меньше загаданного
2022-11-23 19:17:59,355 INFO Введите число для отгадывания: 
2022-11-23 19:18:01,769 INFO Пользователь ввел: 7
2022-11-23 19:18:01,769 INFO Верно введенное число пользователем: 7
2022-11-23 19:18:01,769 INFO Число было отгадано
2022-11-23 20:11:05,076 INFO Введите максимальное число для загадывания: 
2022-11-23 20:11:07,692 INFO Пользователь ввел: 10
2022-11-23 20:11:07,693 INFO Верно введенное число пользователем: 10
2022-11-23 20:11:07,693 INFO Введите количество попыток: 
2022-11-23 20:11:08,393 INFO Пользователь ввел: 5
2022-11-23 20:11:08,394 INFO Верно введенное число пользователем: 5
2022-11-23 20:11:08,395 INFO Загаданное число 6
2022-11-23 20:11:08,395 INFO Введите число для отгадывания: 
2022-11-23 20:11:14,728 INFO Пользователь ввел: 5
2022-11-23 20:11:14,729 INFO Верно введенное число пользователем: 5
2022-11-23 20:11:14,729 INFO Введенное число меньше загаданного
2022-11-23 20:11:14,730 INFO Введите число для отгадывания: 
2022-11-23 20:11:17,692 INFO Пользователь ввел: 7
2022-11-23 20:11:17,693 INFO Верно введенное число пользователем: 7
2022-11-23 20:11:17,693 INFO Введенное число больше загаданного
2022-11-23 20:11:17,693 INFO Введите число для отгадывания: 
2022-11-23 20:11:19,968 INFO Пользователь ввел: 6
2022-11-23 20:11:19,968 INFO Верно введенное число пользователем: 6
2022-11-23 20:11:19,968 INFO Число было отгадано
